<?xml version="1.0" encoding="UTF-8" ?>
<testsuite failures="1" time="0.027" errors="0" skipped="0" tests="1" name="cn.com.pengyue.test.action.ApplyControllerTest">
  <properties>
[...]
</properties>
  <testcase time="0.027" classname="cn.com.pengyue.test.action.ApplyControllerTest" name="testAjaxAddApply2">
    <failure message="找不到 对应类和方法！！请确定要测试的Controller存在" type="java.lang.AssertionError">java.lang.AssertionError: 找不到 对应类和方法！！请确定要测试的Controller存在
	at org.junit.Assert.fail(Assert.java:91)
	at org.junit.Assert.assertTrue(Assert.java:43)
	at org.junit.Assert.assertNotNull(Assert.java:524)
	at cn.com.pengyue.test.action.BaseAction.excuteAction(BaseAction.java:67)
	at cn.com.pengyue.test.action.ApplyControllerTest.testAjaxAddApply2(ApplyControllerTest.java:40)
	at sun.reflect.NativeMethodAccessorImpl.invoke0(Native Method)
	at sun.reflect.NativeMethodAccessorImpl.invoke(NativeMethodAccessorImpl.java:57)
	at sun.reflect.DelegatingMethodAccessorImpl.invoke(DelegatingMethodAccessorImpl.java:43)
	at java.lang.reflect.Method.invoke(Method.java:606)
	at org.junit.runners.model.FrameworkMethod$1.runReflectiveCall(FrameworkMethod.java:44)
	at org.junit.internal.runners.model.ReflectiveCallable.run(ReflectiveCallable.java:15)
	at org.junit.runners.model.FrameworkMethod.invokeExplosively(FrameworkMethod.java:41)
	at org.junit.internal.runners.statements.InvokeMethod.evaluate(InvokeMethod.java:20)
	at org.junit.runners.BlockJUnit4ClassRunner.runChild(BlockJUnit4ClassRunner.java:76)
	at org.junit.runners.BlockJUnit4ClassRunner.runChild(BlockJUnit4ClassRunner.java:50)
	at org.junit.runners.ParentRunner$3.run(ParentRunner.java:193)
	at org.junit.runners.ParentRunner$1.schedule(ParentRunner.java:52)
	at org.junit.runners.ParentRunner.runChildren(ParentRunner.java:191)
	at org.junit.runners.ParentRunner.access$000(ParentRunner.java:42)
	at org.junit.runners.ParentRunner$2.evaluate(ParentRunner.java:184)
	at org.junit.internal.runners.statements.RunBefores.evaluate(RunBefores.java:28)
	at org.junit.runners.ParentRunner.run(ParentRunner.java:236)
	at org.apache.maven.surefire.junit4.JUnit4Provider.execute(JUnit4Provider.java:252)
	at org.apache.maven.surefire.junit4.JUnit4Provider.executeTestSet(JUnit4Provider.java:141)
	at org.apache.maven.surefire.junit4.JUnit4Provider.invoke(JUnit4Provider.java:112)
	at sun.reflect.NativeMethodAccessorImpl.invoke0(Native Method)
	at sun.reflect.NativeMethodAccessorImpl.invoke(NativeMethodAccessorImpl.java:57)
	at sun.reflect.DelegatingMethodAccessorImpl.invoke(DelegatingMethodAccessorImpl.java:43)
	at java.lang.reflect.Method.invoke(Method.java:606)
	at org.apache.maven.surefire.util.ReflectionUtils.invokeMethodWithArray(ReflectionUtils.java:189)
	at org.apache.maven.surefire.booter.ProviderFactory$ProviderProxy.invoke(ProviderFactory.java:165)
	at org.apache.maven.surefire.booter.ProviderFactory.invokeProvider(ProviderFactory.java:85)
	at org.apache.maven.surefire.booter.ForkedBooter.runSuitesInProcess(ForkedBooter.java:115)
	at org.apache.maven.surefire.booter.ForkedBooter.main(ForkedBooter.java:75)
</failure>
    <system-out>12:05:56,188  INFO main support.XmlWebApplicationContext:456 - Refreshing Root WebApplicationContext: startup date [Tue Sep 22 12:05:56 CST 2015]; root of context hierarchy
12:05:56,251  INFO main xml.XmlBeanDefinitionReader:315 - Loading XML bean definitions from class path resource [applicationContext.xml]
12:05:56,486  INFO main annotation.ClassPathBeanDefinitionScanner:186 - JSR-330 &apos;javax.inject.Named&apos; annotation found and supported for component scanning
12:05:56,552  INFO main xml.XmlBeanDefinitionReader:315 - Loading XML bean definitions from class path resource [spring-servlet.xml]
12:05:56,603  INFO main annotation.ClassPathBeanDefinitionScanner:186 - JSR-330 &apos;javax.inject.Named&apos; annotation found and supported for component scanning
12:05:56,859  INFO main annotation.AutowiredAnnotationBeanPostProcessor:137 - JSR-330 &apos;javax.inject.Inject&apos; annotation found and supported for autowiring
12:05:56,911  INFO main support.DefaultListableBeanFactory:555 - Pre-instantiating singletons in org.springframework.beans.factory.support.DefaultListableBeanFactory@1083e733: defining beans [dataSource,sessionFactory,transactionManager,org.springframework.aop.config.internalAutoProxyCreator,org.springframework.transaction.annotation.AnnotationTransactionAttributeSource#0,org.springframework.transaction.interceptor.TransactionInterceptor#0,org.springframework.transaction.config.internalTransactionAdvisor,org.springframework.context.annotation.internalConfigurationAnnotationProcessor,org.springframework.context.annotation.internalAutowiredAnnotationProcessor,org.springframework.context.annotation.internalRequiredAnnotationProcessor,org.springframework.context.annotation.internalCommonAnnotationProcessor,org.springframework.context.annotation.internalPersistenceAnnotationProcessor,applyarticleDao,applyDao,auditDao,carDao,classesDao,departmentDao,positionDao,resourceDao,resourceRelashipDao,roleDao,usersDao,applyarticleService,applyService,auditService,carService,classesService,departmentService,positionService,resourceRelashipService,resourceService,roleService,usersService,accessController,applyController,auditController,carController,classesController,departmentController,positionController,resourceController,resourceRelashipController,roleController,usersController,org.springframework.web.servlet.mvc.annotation.DefaultAnnotationHandlerMapping#0,org.springframework.format.support.FormattingConversionServiceFactoryBean#0,org.springframework.web.servlet.mvc.annotation.AnnotationMethodHandlerAdapter#0,org.springframework.web.servlet.handler.MappedInterceptor#0,viewResolver,cn.com.pengyue.web.action.WebBindingInitializer#0,multipartResolver]; root of factory hierarchy
12:05:57,255  INFO main common.Version:37 - Hibernate Commons Annotations 3.2.0.Final
12:05:57,261  INFO main cfg.Environment:603 - Hibernate 3.6.5.Final
12:05:57,263  INFO main cfg.Environment:636 - hibernate.properties not found
12:05:57,266  INFO main cfg.Environment:814 - Bytecode provider name : javassist
12:05:57,269  INFO main cfg.Environment:695 - using JDK 1.4 java.sql.Timestamp handling
12:05:57,440  INFO main cfg.AnnotationBinder:532 - Binding entity from annotated class: cn.com.pengyue.pojo.Apply
12:05:57,491  INFO main annotations.EntityBinder:530 - Bind entity cn.com.pengyue.pojo.Apply on table apply
12:05:57,531  INFO main cfg.AnnotationBinder:532 - Binding entity from annotated class: cn.com.pengyue.pojo.Applyarticle
12:05:57,531  INFO main annotations.EntityBinder:530 - Bind entity cn.com.pengyue.pojo.Applyarticle on table applyarticle
12:05:57,535  INFO main cfg.AnnotationBinder:532 - Binding entity from annotated class: cn.com.pengyue.pojo.ArchiveArticle
12:05:57,536  INFO main annotations.EntityBinder:530 - Bind entity cn.com.pengyue.pojo.ArchiveArticle on table archive_article
12:05:57,541  INFO main cfg.AnnotationBinder:532 - Binding entity from annotated class: cn.com.pengyue.pojo.Archives
12:05:57,542  INFO main annotations.EntityBinder:530 - Bind entity cn.com.pengyue.pojo.Archives on table archives
12:05:57,549  INFO main cfg.AnnotationBinder:532 - Binding entity from annotated class: cn.com.pengyue.pojo.ArchivesType
12:05:57,549  INFO main annotations.EntityBinder:530 - Bind entity cn.com.pengyue.pojo.ArchivesType on table archives_type
12:05:57,551  INFO main cfg.AnnotationBinder:532 - Binding entity from annotated class: cn.com.pengyue.pojo.ArticlesType
12:05:57,551  INFO main annotations.EntityBinder:530 - Bind entity cn.com.pengyue.pojo.ArticlesType on table archives_type
12:05:57,552  INFO main cfg.AnnotationBinder:532 - Binding entity from annotated class: cn.com.pengyue.pojo.ArticleWeightLog
12:05:57,553  INFO main annotations.EntityBinder:530 - Bind entity cn.com.pengyue.pojo.ArticleWeightLog on table article_weight_log
12:05:57,555  INFO main cfg.AnnotationBinder:532 - Binding entity from annotated class: cn.com.pengyue.pojo.Audit
12:05:57,555  INFO main annotations.EntityBinder:530 - Bind entity cn.com.pengyue.pojo.Audit on table audit
12:05:57,558  INFO main cfg.AnnotationBinder:532 - Binding entity from annotated class: cn.com.pengyue.pojo.Car
12:05:57,559  INFO main annotations.EntityBinder:530 - Bind entity cn.com.pengyue.pojo.Car on table car
12:05:57,561  INFO main cfg.AnnotationBinder:532 - Binding entity from annotated class: cn.com.pengyue.pojo.Classes
12:05:57,561  INFO main annotations.EntityBinder:530 - Bind entity cn.com.pengyue.pojo.Classes on table classes
12:05:57,562  INFO main cfg.AnnotationBinder:532 - Binding entity from annotated class: cn.com.pengyue.pojo.Department
12:05:57,563  INFO main annotations.EntityBinder:530 - Bind entity cn.com.pengyue.pojo.Department on table department
12:05:57,563  INFO main cfg.AnnotationBinder:532 - Binding entity from annotated class: cn.com.pengyue.pojo.DestroyTask
12:05:57,564  INFO main annotations.EntityBinder:530 - Bind entity cn.com.pengyue.pojo.DestroyTask on table destroy_task
12:05:57,566  INFO main cfg.AnnotationBinder:532 - Binding entity from annotated class: cn.com.pengyue.pojo.DestroyTaskArticle
12:05:57,567  INFO main annotations.EntityBinder:530 - Bind entity cn.com.pengyue.pojo.DestroyTaskArticle on table destroy_task_article
12:05:57,568  INFO main cfg.AnnotationBinder:532 - Binding entity from annotated class: cn.com.pengyue.pojo.Lables
12:05:57,569  INFO main annotations.EntityBinder:530 - Bind entity cn.com.pengyue.pojo.Lables on table lables
12:05:57,572  INFO main cfg.AnnotationBinder:532 - Binding entity from annotated class: cn.com.pengyue.pojo.Logging
12:05:57,572  INFO main annotations.EntityBinder:530 - Bind entity cn.com.pengyue.pojo.Logging on table logging
12:05:57,574  INFO main cfg.AnnotationBinder:532 - Binding entity from annotated class: cn.com.pengyue.pojo.Position
12:05:57,574  INFO main annotations.EntityBinder:530 - Bind entity cn.com.pengyue.pojo.Position on table position
12:05:57,584  INFO main cfg.AnnotationBinder:532 - Binding entity from annotated class: cn.com.pengyue.pojo.Resource
12:05:57,584  INFO main annotations.EntityBinder:530 - Bind entity cn.com.pengyue.pojo.Resource on table resource
12:05:57,589  INFO main cfg.AnnotationBinder:532 - Binding entity from annotated class: cn.com.pengyue.pojo.ResourceRelaship
12:05:57,589  INFO main annotations.EntityBinder:530 - Bind entity cn.com.pengyue.pojo.ResourceRelaship on table resource_relaship
12:05:57,592  INFO main cfg.AnnotationBinder:532 - Binding entity from annotated class: cn.com.pengyue.pojo.Role
12:05:57,592  INFO main annotations.EntityBinder:530 - Bind entity cn.com.pengyue.pojo.Role on table role
12:05:57,594  INFO main cfg.AnnotationBinder:532 - Binding entity from annotated class: cn.com.pengyue.pojo.Superviseresult
12:05:57,594  INFO main annotations.EntityBinder:530 - Bind entity cn.com.pengyue.pojo.Superviseresult on table superviseresult
12:05:57,596  INFO main cfg.AnnotationBinder:532 - Binding entity from annotated class: cn.com.pengyue.pojo.Users
12:05:57,596  INFO main annotations.EntityBinder:530 - Bind entity cn.com.pengyue.pojo.Users on table users
12:05:57,608  INFO main cfg.Configuration:1676 - Hibernate Validator not found: ignoring
12:05:57,610  INFO main annotation.AnnotationSessionFactoryBean:777 - Building new Hibernate SessionFactory
12:05:57,612  INFO main search.HibernateSearchEventListenerRegister:75 - Unable to find org.hibernate.search.event.FullTextIndexEventListener on the classpath. Hibernate Search is not enabled.
12:05:57,616  INFO main connection.ConnectionProviderFactory:173 - Initializing connection provider: org.springframework.orm.hibernate3.LocalDataSourceConnectionProvider
12:05:57,847  INFO main pool.DruidDataSource:669 - {dataSource-1} inited
12:05:57,875  INFO main dialect.Dialect:135 - Using dialect: org.hibernate.dialect.MySQLDialect
12:05:57,889  INFO main cfg.SettingsFactory:126 - Database -&gt;
       name : MySQL
    version : 5.1.73-community
      major : 5
      minor : 1
12:05:57,889  INFO main cfg.SettingsFactory:132 - Driver -&gt;
       name : MySQL-AB JDBC Driver
    version : mysql-connector-java-5.1.18 ( Revision: tonci.grgin@oracle.com-20110930151701-jfj14ddfq48ifkfq )
      major : 5
      minor : 1
12:05:57,891  INFO main transaction.TransactionFactoryFactory:65 - Transaction strategy: org.springframework.orm.hibernate3.SpringTransactionFactory
12:05:57,893  INFO main transaction.TransactionManagerLookupFactory:83 - No TransactionManagerLookup configured (in JTA environment, use of read-write or transactional second-level cache is not recommended)
12:05:57,894  INFO main cfg.SettingsFactory:179 - Automatic flush during beforeCompletion(): disabled
12:05:57,894  INFO main cfg.SettingsFactory:183 - Automatic session close at end of transaction: disabled
12:05:57,895  INFO main cfg.SettingsFactory:190 - JDBC batch size: 15
12:05:57,895  INFO main cfg.SettingsFactory:193 - JDBC batch updates for versioned data: disabled
12:05:57,896  INFO main cfg.SettingsFactory:198 - Scrollable result sets: enabled
12:05:57,906  INFO main cfg.SettingsFactory:206 - JDBC3 getGeneratedKeys(): enabled
12:05:57,907  INFO main cfg.SettingsFactory:214 - Connection release mode: auto
12:05:57,909  INFO main cfg.SettingsFactory:238 - Maximum outer join fetch depth: 2
12:05:57,909  INFO main cfg.SettingsFactory:241 - Default batch fetch size: 1
12:05:57,910  INFO main cfg.SettingsFactory:245 - Generate SQL with comments: disabled
12:05:57,910  INFO main cfg.SettingsFactory:249 - Order SQL updates by primary key: disabled
12:05:57,910  INFO main cfg.SettingsFactory:253 - Order SQL inserts for batching: disabled
12:05:57,911  INFO main cfg.SettingsFactory:431 - Query translator: org.hibernate.hql.ast.ASTQueryTranslatorFactory
12:05:57,913  INFO main ast.ASTQueryTranslatorFactory:47 - Using ASTQueryTranslatorFactory
12:05:57,913  INFO main cfg.SettingsFactory:261 - Query language substitutions: {}
12:05:57,913  INFO main cfg.SettingsFactory:266 - JPA-QL strict compliance: disabled
12:05:57,913  INFO main cfg.SettingsFactory:271 - Second-level cache: enabled
12:05:57,914  INFO main cfg.SettingsFactory:275 - Query cache: disabled
12:05:57,914  INFO main cfg.SettingsFactory:406 - Cache region factory : org.hibernate.cache.impl.NoCachingRegionFactory
12:05:57,915  INFO main cfg.SettingsFactory:285 - Optimize cache for minimal puts: disabled
12:05:57,915  INFO main cfg.SettingsFactory:294 - Structured second-level cache entries: disabled
12:05:57,918  INFO main cfg.SettingsFactory:314 - Echoing all SQL to stdout
12:05:57,919  INFO main cfg.SettingsFactory:323 - Statistics: disabled
12:05:57,920  INFO main cfg.SettingsFactory:327 - Deleted entity synthetic identifier rollback: disabled
12:05:57,920  INFO main cfg.SettingsFactory:343 - Default entity-mode: pojo
12:05:57,920  INFO main cfg.SettingsFactory:347 - Named query checking : enabled
12:05:57,920  INFO main cfg.SettingsFactory:351 - Check Nullability in Core (should be disabled when Bean Validation is on): enabled
12:05:57,934  INFO main impl.SessionFactoryImpl:202 - building session factory
12:05:57,939  INFO main type.BasicTypeRegistry:150 - Type registration [wrapper_characters_clob] overrides previous : org.hibernate.type.CharacterArrayClobType@7f94d0a3
12:05:57,951  INFO main type.BasicTypeRegistry:150 - Type registration [blob] overrides previous : org.hibernate.type.BlobType@6ab3b320
12:05:57,951  INFO main type.BasicTypeRegistry:150 - Type registration [java.sql.Blob] overrides previous : org.hibernate.type.BlobType@6ab3b320
12:05:57,951  INFO main type.BasicTypeRegistry:150 - Type registration [characters_clob] overrides previous : org.hibernate.type.PrimitiveCharacterArrayClobType@3bb5309a
12:05:57,952  INFO main type.BasicTypeRegistry:150 - Type registration [materialized_clob] overrides previous : org.hibernate.type.MaterializedClobType@7489ed15
12:05:57,952  INFO main type.BasicTypeRegistry:150 - Type registration [wrapper_materialized_blob] overrides previous : org.hibernate.type.WrappedMaterializedBlobType@b2c3979
12:05:57,952  INFO main type.BasicTypeRegistry:150 - Type registration [materialized_blob] overrides previous : org.hibernate.type.MaterializedBlobType@4713caa
12:05:57,952  INFO main type.BasicTypeRegistry:150 - Type registration [clob] overrides previous : org.hibernate.type.ClobType@2645bf2d
12:05:57,952  INFO main type.BasicTypeRegistry:150 - Type registration [java.sql.Clob] overrides previous : org.hibernate.type.ClobType@2645bf2d
12:05:58,247  INFO main impl.SessionFactoryObjectFactory:105 - Not binding factory to JNDI, no JNDI name configured
12:05:58,276  INFO main hibernate3.HibernateTransactionManager:415 - Using DataSource [{
	CreateTime:&quot;2015-09-22 12:05:56&quot;,
	ActiveCount:0,
	PoolingCount:1,
	CreateCount:1,
	DestroyCount:0,
	CloseCount:1,
	ConnectCount:1,
	Connections:[
		{ID:1479588541, ConnectTime:&quot;2015-09-22 12:05:57&quot;, UseCount:1, LastActiveTime:&quot;2015-09-22 12:05:57&quot;}
	]
}

[
	{
	ID:1479588541, 
	poolStatements:[
		]
	}
]] of Hibernate SessionFactory for HibernateTransactionManager
12:05:58,567  INFO main annotation.DefaultAnnotationHandlerMapping:411 - Mapped URL path [/logout] onto handler &apos;accessController&apos;
12:05:58,567  INFO main annotation.DefaultAnnotationHandlerMapping:411 - Mapped URL path [/logout.*] onto handler &apos;accessController&apos;
12:05:58,567  INFO main annotation.DefaultAnnotationHandlerMapping:411 - Mapped URL path [/logout/] onto handler &apos;accessController&apos;
12:05:58,568  INFO main annotation.DefaultAnnotationHandlerMapping:411 - Mapped URL path [/toGrantUser] onto handler &apos;accessController&apos;
12:05:58,568  INFO main annotation.DefaultAnnotationHandlerMapping:411 - Mapped URL path [/toGrantUser.*] onto handler &apos;accessController&apos;
12:05:58,568  INFO main annotation.DefaultAnnotationHandlerMapping:411 - Mapped URL path [/toGrantUser/] onto handler &apos;accessController&apos;
12:05:58,569  INFO main annotation.DefaultAnnotationHandlerMapping:411 - Mapped URL path [/index] onto handler &apos;accessController&apos;
12:05:58,569  INFO main annotation.DefaultAnnotationHandlerMapping:411 - Mapped URL path [/index.*] onto handler &apos;accessController&apos;
12:05:58,569  INFO main annotation.DefaultAnnotationHandlerMapping:411 - Mapped URL path [/index/] onto handler &apos;accessController&apos;
12:05:58,569  INFO main annotation.DefaultAnnotationHandlerMapping:411 - Mapped URL path [/resetPwd] onto handler &apos;accessController&apos;
12:05:58,570  INFO main annotation.DefaultAnnotationHandlerMapping:411 - Mapped URL path [/resetPwd.*] onto handler &apos;accessController&apos;
12:05:58,570  INFO main annotation.DefaultAnnotationHandlerMapping:411 - Mapped URL path [/resetPwd/] onto handler &apos;accessController&apos;
12:05:58,570  INFO main annotation.DefaultAnnotationHandlerMapping:411 - Mapped URL path [/login] onto handler &apos;accessController&apos;
12:05:58,570  INFO main annotation.DefaultAnnotationHandlerMapping:411 - Mapped URL path [/login.*] onto handler &apos;accessController&apos;
12:05:58,571  INFO main annotation.DefaultAnnotationHandlerMapping:411 - Mapped URL path [/login/] onto handler &apos;accessController&apos;
12:05:58,571  INFO main annotation.DefaultAnnotationHandlerMapping:411 - Mapped URL path [/grantUser] onto handler &apos;accessController&apos;
12:05:58,571  INFO main annotation.DefaultAnnotationHandlerMapping:411 - Mapped URL path [/grantUser.*] onto handler &apos;accessController&apos;
12:05:58,571  INFO main annotation.DefaultAnnotationHandlerMapping:411 - Mapped URL path [/grantUser/] onto handler &apos;accessController&apos;
12:05:58,572  INFO main annotation.DefaultAnnotationHandlerMapping:411 - Mapped URL path [/toResetPwd] onto handler &apos;accessController&apos;
12:05:58,572  INFO main annotation.DefaultAnnotationHandlerMapping:411 - Mapped URL path [/toResetPwd.*] onto handler &apos;accessController&apos;
12:05:58,572  INFO main annotation.DefaultAnnotationHandlerMapping:411 - Mapped URL path [/toResetPwd/] onto handler &apos;accessController&apos;
12:05:58,573  INFO main annotation.DefaultAnnotationHandlerMapping:411 - Mapped URL path [/allListApply] onto handler &apos;applyController&apos;
12:05:58,573  INFO main annotation.DefaultAnnotationHandlerMapping:411 - Mapped URL path [/allListApply.*] onto handler &apos;applyController&apos;
12:05:58,573  INFO main annotation.DefaultAnnotationHandlerMapping:411 - Mapped URL path [/allListApply/] onto handler &apos;applyController&apos;
12:05:58,574  INFO main annotation.DefaultAnnotationHandlerMapping:411 - Mapped URL path [/ajaxAddApply] onto handler &apos;applyController&apos;
12:05:58,574  INFO main annotation.DefaultAnnotationHandlerMapping:411 - Mapped URL path [/ajaxAddApply.*] onto handler &apos;applyController&apos;
12:05:58,574  INFO main annotation.DefaultAnnotationHandlerMapping:411 - Mapped URL path [/ajaxAddApply/] onto handler &apos;applyController&apos;
12:05:58,574  INFO main annotation.DefaultAnnotationHandlerMapping:411 - Mapped URL path [/ajaxRemoveApply] onto handler &apos;applyController&apos;
12:05:58,574  INFO main annotation.DefaultAnnotationHandlerMapping:411 - Mapped URL path [/ajaxRemoveApply.*] onto handler &apos;applyController&apos;
12:05:58,575  INFO main annotation.DefaultAnnotationHandlerMapping:411 - Mapped URL path [/ajaxRemoveApply/] onto handler &apos;applyController&apos;
12:05:58,575  INFO main annotation.DefaultAnnotationHandlerMapping:411 - Mapped URL path [/ajaxUpdateApply] onto handler &apos;applyController&apos;
12:05:58,576  INFO main annotation.DefaultAnnotationHandlerMapping:411 - Mapped URL path [/ajaxUpdateApply.*] onto handler &apos;applyController&apos;
12:05:58,576  INFO main annotation.DefaultAnnotationHandlerMapping:411 - Mapped URL path [/ajaxUpdateApply/] onto handler &apos;applyController&apos;
12:05:58,576  INFO main annotation.DefaultAnnotationHandlerMapping:411 - Mapped URL path [/ajaxGetApplyById] onto handler &apos;applyController&apos;
12:05:58,577  INFO main annotation.DefaultAnnotationHandlerMapping:411 - Mapped URL path [/ajaxGetApplyById.*] onto handler &apos;applyController&apos;
12:05:58,577  INFO main annotation.DefaultAnnotationHandlerMapping:411 - Mapped URL path [/ajaxGetApplyById/] onto handler &apos;applyController&apos;
12:05:58,577  INFO main annotation.DefaultAnnotationHandlerMapping:411 - Mapped URL path [/listAllCar] onto handler &apos;carController&apos;
12:05:58,578  INFO main annotation.DefaultAnnotationHandlerMapping:411 - Mapped URL path [/listAllCar.*] onto handler &apos;carController&apos;
12:05:58,578  INFO main annotation.DefaultAnnotationHandlerMapping:411 - Mapped URL path [/listAllCar/] onto handler &apos;carController&apos;
12:05:58,578  INFO main annotation.DefaultAnnotationHandlerMapping:411 - Mapped URL path [/addCar] onto handler &apos;carController&apos;
12:05:58,578  INFO main annotation.DefaultAnnotationHandlerMapping:411 - Mapped URL path [/addCar.*] onto handler &apos;carController&apos;
12:05:58,578  INFO main annotation.DefaultAnnotationHandlerMapping:411 - Mapped URL path [/addCar/] onto handler &apos;carController&apos;
12:05:58,578  INFO main annotation.DefaultAnnotationHandlerMapping:411 - Mapped URL path [/ajaxRemoveCar] onto handler &apos;carController&apos;
12:05:58,579  INFO main annotation.DefaultAnnotationHandlerMapping:411 - Mapped URL path [/ajaxRemoveCar.*] onto handler &apos;carController&apos;
12:05:58,579  INFO main annotation.DefaultAnnotationHandlerMapping:411 - Mapped URL path [/ajaxRemoveCar/] onto handler &apos;carController&apos;
12:05:58,579  INFO main annotation.DefaultAnnotationHandlerMapping:411 - Mapped URL path [/ajaxAddCar] onto handler &apos;carController&apos;
12:05:58,579  INFO main annotation.DefaultAnnotationHandlerMapping:411 - Mapped URL path [/ajaxAddCar.*] onto handler &apos;carController&apos;
12:05:58,579  INFO main annotation.DefaultAnnotationHandlerMapping:411 - Mapped URL path [/ajaxAddCar/] onto handler &apos;carController&apos;
12:05:58,579  INFO main annotation.DefaultAnnotationHandlerMapping:411 - Mapped URL path [/ajaxUpdateCar] onto handler &apos;carController&apos;
12:05:58,579  INFO main annotation.DefaultAnnotationHandlerMapping:411 - Mapped URL path [/ajaxUpdateCar.*] onto handler &apos;carController&apos;
12:05:58,580  INFO main annotation.DefaultAnnotationHandlerMapping:411 - Mapped URL path [/ajaxUpdateCar/] onto handler &apos;carController&apos;
12:05:58,580  INFO main annotation.DefaultAnnotationHandlerMapping:411 - Mapped URL path [/removeCar] onto handler &apos;carController&apos;
12:05:58,580  INFO main annotation.DefaultAnnotationHandlerMapping:411 - Mapped URL path [/removeCar.*] onto handler &apos;carController&apos;
12:05:58,580  INFO main annotation.DefaultAnnotationHandlerMapping:411 - Mapped URL path [/removeCar/] onto handler &apos;carController&apos;
12:05:58,580  INFO main annotation.DefaultAnnotationHandlerMapping:411 - Mapped URL path [/getCarById] onto handler &apos;carController&apos;
12:05:58,581  INFO main annotation.DefaultAnnotationHandlerMapping:411 - Mapped URL path [/getCarById.*] onto handler &apos;carController&apos;
12:05:58,581  INFO main annotation.DefaultAnnotationHandlerMapping:411 - Mapped URL path [/getCarById/] onto handler &apos;carController&apos;
12:05:58,581  INFO main annotation.DefaultAnnotationHandlerMapping:411 - Mapped URL path [/updateCar] onto handler &apos;carController&apos;
12:05:58,581  INFO main annotation.DefaultAnnotationHandlerMapping:411 - Mapped URL path [/updateCar.*] onto handler &apos;carController&apos;
12:05:58,581  INFO main annotation.DefaultAnnotationHandlerMapping:411 - Mapped URL path [/updateCar/] onto handler &apos;carController&apos;
12:05:58,581  INFO main annotation.DefaultAnnotationHandlerMapping:411 - Mapped URL path [/ajaxGetCarById] onto handler &apos;carController&apos;
12:05:58,582  INFO main annotation.DefaultAnnotationHandlerMapping:411 - Mapped URL path [/ajaxGetCarById.*] onto handler &apos;carController&apos;
12:05:58,582  INFO main annotation.DefaultAnnotationHandlerMapping:411 - Mapped URL path [/ajaxGetCarById/] onto handler &apos;carController&apos;
12:05:58,582  INFO main annotation.DefaultAnnotationHandlerMapping:411 - Mapped URL path [/getClasses] onto handler &apos;classesController&apos;
12:05:58,582  INFO main annotation.DefaultAnnotationHandlerMapping:411 - Mapped URL path [/getClasses.*] onto handler &apos;classesController&apos;
12:05:58,583  INFO main annotation.DefaultAnnotationHandlerMapping:411 - Mapped URL path [/getClasses/] onto handler &apos;classesController&apos;
12:05:58,583  INFO main annotation.DefaultAnnotationHandlerMapping:411 - Mapped URL path [/listAllClasses] onto handler &apos;classesController&apos;
12:05:58,583  INFO main annotation.DefaultAnnotationHandlerMapping:411 - Mapped URL path [/listAllClasses.*] onto handler &apos;classesController&apos;
12:05:58,583  INFO main annotation.DefaultAnnotationHandlerMapping:411 - Mapped URL path [/listAllClasses/] onto handler &apos;classesController&apos;
12:05:58,583  INFO main annotation.DefaultAnnotationHandlerMapping:411 - Mapped URL path [/updateClasses] onto handler &apos;classesController&apos;
12:05:58,583  INFO main annotation.DefaultAnnotationHandlerMapping:411 - Mapped URL path [/updateClasses.*] onto handler &apos;classesController&apos;
12:05:58,583  INFO main annotation.DefaultAnnotationHandlerMapping:411 - Mapped URL path [/updateClasses/] onto handler &apos;classesController&apos;
12:05:58,584  INFO main annotation.DefaultAnnotationHandlerMapping:411 - Mapped URL path [/delClasses] onto handler &apos;classesController&apos;
12:05:58,584  INFO main annotation.DefaultAnnotationHandlerMapping:411 - Mapped URL path [/delClasses.*] onto handler &apos;classesController&apos;
12:05:58,584  INFO main annotation.DefaultAnnotationHandlerMapping:411 - Mapped URL path [/delClasses/] onto handler &apos;classesController&apos;
12:05:58,584  INFO main annotation.DefaultAnnotationHandlerMapping:411 - Mapped URL path [/addClasses] onto handler &apos;classesController&apos;
12:05:58,584  INFO main annotation.DefaultAnnotationHandlerMapping:411 - Mapped URL path [/addClasses.*] onto handler &apos;classesController&apos;
12:05:58,584  INFO main annotation.DefaultAnnotationHandlerMapping:411 - Mapped URL path [/addClasses/] onto handler &apos;classesController&apos;
12:05:58,585  INFO main annotation.DefaultAnnotationHandlerMapping:411 - Mapped URL path [/listAllDepartment] onto handler &apos;departmentController&apos;
12:05:58,585  INFO main annotation.DefaultAnnotationHandlerMapping:411 - Mapped URL path [/listAllDepartment.*] onto handler &apos;departmentController&apos;
12:05:58,585  INFO main annotation.DefaultAnnotationHandlerMapping:411 - Mapped URL path [/listAllDepartment/] onto handler &apos;departmentController&apos;
12:05:58,585  INFO main annotation.DefaultAnnotationHandlerMapping:411 - Mapped URL path [/updateDepartment] onto handler &apos;departmentController&apos;
12:05:58,586  INFO main annotation.DefaultAnnotationHandlerMapping:411 - Mapped URL path [/updateDepartment.*] onto handler &apos;departmentController&apos;
12:05:58,586  INFO main annotation.DefaultAnnotationHandlerMapping:411 - Mapped URL path [/updateDepartment/] onto handler &apos;departmentController&apos;
12:05:58,586  INFO main annotation.DefaultAnnotationHandlerMapping:411 - Mapped URL path [/getDepartmentById] onto handler &apos;departmentController&apos;
12:05:58,586  INFO main annotation.DefaultAnnotationHandlerMapping:411 - Mapped URL path [/getDepartmentById.*] onto handler &apos;departmentController&apos;
12:05:58,586  INFO main annotation.DefaultAnnotationHandlerMapping:411 - Mapped URL path [/getDepartmentById/] onto handler &apos;departmentController&apos;
12:05:58,587  INFO main annotation.DefaultAnnotationHandlerMapping:411 - Mapped URL path [/addDepartment] onto handler &apos;departmentController&apos;
12:05:58,587  INFO main annotation.DefaultAnnotationHandlerMapping:411 - Mapped URL path [/addDepartment.*] onto handler &apos;departmentController&apos;
12:05:58,587  INFO main annotation.DefaultAnnotationHandlerMapping:411 - Mapped URL path [/addDepartment/] onto handler &apos;departmentController&apos;
12:05:58,587  INFO main annotation.DefaultAnnotationHandlerMapping:411 - Mapped URL path [/removeDepartment] onto handler &apos;departmentController&apos;
12:05:58,588  INFO main annotation.DefaultAnnotationHandlerMapping:411 - Mapped URL path [/removeDepartment.*] onto handler &apos;departmentController&apos;
12:05:58,588  INFO main annotation.DefaultAnnotationHandlerMapping:411 - Mapped URL path [/removeDepartment/] onto handler &apos;departmentController&apos;
12:05:58,589  INFO main annotation.DefaultAnnotationHandlerMapping:411 - Mapped URL path [/listAllPosition] onto handler &apos;positionController&apos;
12:05:58,589  INFO main annotation.DefaultAnnotationHandlerMapping:411 - Mapped URL path [/listAllPosition.*] onto handler &apos;positionController&apos;
12:05:58,589  INFO main annotation.DefaultAnnotationHandlerMapping:411 - Mapped URL path [/listAllPosition/] onto handler &apos;positionController&apos;
12:05:58,589  INFO main annotation.DefaultAnnotationHandlerMapping:411 - Mapped URL path [/removePosition] onto handler &apos;positionController&apos;
12:05:58,589  INFO main annotation.DefaultAnnotationHandlerMapping:411 - Mapped URL path [/removePosition.*] onto handler &apos;positionController&apos;
12:05:58,600  INFO main annotation.DefaultAnnotationHandlerMapping:411 - Mapped URL path [/removePosition/] onto handler &apos;positionController&apos;
12:05:58,600  INFO main annotation.DefaultAnnotationHandlerMapping:411 - Mapped URL path [/updatePosition] onto handler &apos;positionController&apos;
12:05:58,601  INFO main annotation.DefaultAnnotationHandlerMapping:411 - Mapped URL path [/updatePosition.*] onto handler &apos;positionController&apos;
12:05:58,601  INFO main annotation.DefaultAnnotationHandlerMapping:411 - Mapped URL path [/updatePosition/] onto handler &apos;positionController&apos;
12:05:58,601  INFO main annotation.DefaultAnnotationHandlerMapping:411 - Mapped URL path [/getPositionById] onto handler &apos;positionController&apos;
12:05:58,601  INFO main annotation.DefaultAnnotationHandlerMapping:411 - Mapped URL path [/getPositionById.*] onto handler &apos;positionController&apos;
12:05:58,601  INFO main annotation.DefaultAnnotationHandlerMapping:411 - Mapped URL path [/getPositionById/] onto handler &apos;positionController&apos;
12:05:58,601  INFO main annotation.DefaultAnnotationHandlerMapping:411 - Mapped URL path [/addPosition] onto handler &apos;positionController&apos;
12:05:58,602  INFO main annotation.DefaultAnnotationHandlerMapping:411 - Mapped URL path [/addPosition.*] onto handler &apos;positionController&apos;
12:05:58,602  INFO main annotation.DefaultAnnotationHandlerMapping:411 - Mapped URL path [/addPosition/] onto handler &apos;positionController&apos;
12:05:58,602  INFO main annotation.DefaultAnnotationHandlerMapping:411 - Mapped URL path [/listAllResource] onto handler &apos;resourceController&apos;
12:05:58,603  INFO main annotation.DefaultAnnotationHandlerMapping:411 - Mapped URL path [/listAllResource.*] onto handler &apos;resourceController&apos;
12:05:58,603  INFO main annotation.DefaultAnnotationHandlerMapping:411 - Mapped URL path [/listAllResource/] onto handler &apos;resourceController&apos;
12:05:58,603  INFO main annotation.DefaultAnnotationHandlerMapping:411 - Mapped URL path [/addResource] onto handler &apos;resourceController&apos;
12:05:58,603  INFO main annotation.DefaultAnnotationHandlerMapping:411 - Mapped URL path [/addResource.*] onto handler &apos;resourceController&apos;
12:05:58,603  INFO main annotation.DefaultAnnotationHandlerMapping:411 - Mapped URL path [/addResource/] onto handler &apos;resourceController&apos;
12:05:58,603  INFO main annotation.DefaultAnnotationHandlerMapping:411 - Mapped URL path [/ajaxAddResource] onto handler &apos;resourceController&apos;
12:05:58,603  INFO main annotation.DefaultAnnotationHandlerMapping:411 - Mapped URL path [/ajaxAddResource.*] onto handler &apos;resourceController&apos;
12:05:58,603  INFO main annotation.DefaultAnnotationHandlerMapping:411 - Mapped URL path [/ajaxAddResource/] onto handler &apos;resourceController&apos;
12:05:58,604  INFO main annotation.DefaultAnnotationHandlerMapping:411 - Mapped URL path [/ajaxGetResourceById] onto handler &apos;resourceController&apos;
12:05:58,604  INFO main annotation.DefaultAnnotationHandlerMapping:411 - Mapped URL path [/ajaxGetResourceById.*] onto handler &apos;resourceController&apos;
12:05:58,604  INFO main annotation.DefaultAnnotationHandlerMapping:411 - Mapped URL path [/ajaxGetResourceById/] onto handler &apos;resourceController&apos;
12:05:58,604  INFO main annotation.DefaultAnnotationHandlerMapping:411 - Mapped URL path [/removeResource] onto handler &apos;resourceController&apos;
12:05:58,604  INFO main annotation.DefaultAnnotationHandlerMapping:411 - Mapped URL path [/removeResource.*] onto handler &apos;resourceController&apos;
12:05:58,604  INFO main annotation.DefaultAnnotationHandlerMapping:411 - Mapped URL path [/removeResource/] onto handler &apos;resourceController&apos;
12:05:58,604  INFO main annotation.DefaultAnnotationHandlerMapping:411 - Mapped URL path [/updateResource] onto handler &apos;resourceController&apos;
12:05:58,605  INFO main annotation.DefaultAnnotationHandlerMapping:411 - Mapped URL path [/updateResource.*] onto handler &apos;resourceController&apos;
12:05:58,605  INFO main annotation.DefaultAnnotationHandlerMapping:411 - Mapped URL path [/updateResource/] onto handler &apos;resourceController&apos;
12:05:58,605  INFO main annotation.DefaultAnnotationHandlerMapping:411 - Mapped URL path [/getResourceById] onto handler &apos;resourceController&apos;
12:05:58,605  INFO main annotation.DefaultAnnotationHandlerMapping:411 - Mapped URL path [/getResourceById.*] onto handler &apos;resourceController&apos;
12:05:58,605  INFO main annotation.DefaultAnnotationHandlerMapping:411 - Mapped URL path [/getResourceById/] onto handler &apos;resourceController&apos;
12:05:58,605  INFO main annotation.DefaultAnnotationHandlerMapping:411 - Mapped URL path [/ajaxUpdateResource] onto handler &apos;resourceController&apos;
12:05:58,605  INFO main annotation.DefaultAnnotationHandlerMapping:411 - Mapped URL path [/ajaxUpdateResource.*] onto handler &apos;resourceController&apos;
12:05:58,605  INFO main annotation.DefaultAnnotationHandlerMapping:411 - Mapped URL path [/ajaxUpdateResource/] onto handler &apos;resourceController&apos;
12:05:58,606  INFO main annotation.DefaultAnnotationHandlerMapping:411 - Mapped URL path [/ajaxRemoveResource] onto handler &apos;resourceController&apos;
12:05:58,606  INFO main annotation.DefaultAnnotationHandlerMapping:411 - Mapped URL path [/ajaxRemoveResource.*] onto handler &apos;resourceController&apos;
12:05:58,606  INFO main annotation.DefaultAnnotationHandlerMapping:411 - Mapped URL path [/ajaxRemoveResource/] onto handler &apos;resourceController&apos;
12:05:58,607  INFO main annotation.DefaultAnnotationHandlerMapping:411 - Mapped URL path [/listAllResourceRelaship] onto handler &apos;resourceRelashipController&apos;
12:05:58,607  INFO main annotation.DefaultAnnotationHandlerMapping:411 - Mapped URL path [/listAllResourceRelaship.*] onto handler &apos;resourceRelashipController&apos;
12:05:58,607  INFO main annotation.DefaultAnnotationHandlerMapping:411 - Mapped URL path [/listAllResourceRelaship/] onto handler &apos;resourceRelashipController&apos;
12:05:58,607  INFO main annotation.DefaultAnnotationHandlerMapping:411 - Mapped URL path [/ajaxRemoveResourceRelaship] onto handler &apos;resourceRelashipController&apos;
12:05:58,608  INFO main annotation.DefaultAnnotationHandlerMapping:411 - Mapped URL path [/ajaxRemoveResourceRelaship.*] onto handler &apos;resourceRelashipController&apos;
12:05:58,608  INFO main annotation.DefaultAnnotationHandlerMapping:411 - Mapped URL path [/ajaxRemoveResourceRelaship/] onto handler &apos;resourceRelashipController&apos;
12:05:58,608  INFO main annotation.DefaultAnnotationHandlerMapping:411 - Mapped URL path [/ajaxGetResourceRelashipById] onto handler &apos;resourceRelashipController&apos;
12:05:58,608  INFO main annotation.DefaultAnnotationHandlerMapping:411 - Mapped URL path [/ajaxGetResourceRelashipById.*] onto handler &apos;resourceRelashipController&apos;
12:05:58,608  INFO main annotation.DefaultAnnotationHandlerMapping:411 - Mapped URL path [/ajaxGetResourceRelashipById/] onto handler &apos;resourceRelashipController&apos;
12:05:58,608  INFO main annotation.DefaultAnnotationHandlerMapping:411 - Mapped URL path [/ajaxUpdateResourceRelaship] onto handler &apos;resourceRelashipController&apos;
12:05:58,608  INFO main annotation.DefaultAnnotationHandlerMapping:411 - Mapped URL path [/ajaxUpdateResourceRelaship.*] onto handler &apos;resourceRelashipController&apos;
12:05:58,609  INFO main annotation.DefaultAnnotationHandlerMapping:411 - Mapped URL path [/ajaxUpdateResourceRelaship/] onto handler &apos;resourceRelashipController&apos;
12:05:58,609  INFO main annotation.DefaultAnnotationHandlerMapping:411 - Mapped URL path [/getResourceRelashipById] onto handler &apos;resourceRelashipController&apos;
12:05:58,609  INFO main annotation.DefaultAnnotationHandlerMapping:411 - Mapped URL path [/getResourceRelashipById.*] onto handler &apos;resourceRelashipController&apos;
12:05:58,609  INFO main annotation.DefaultAnnotationHandlerMapping:411 - Mapped URL path [/getResourceRelashipById/] onto handler &apos;resourceRelashipController&apos;
12:05:58,609  INFO main annotation.DefaultAnnotationHandlerMapping:411 - Mapped URL path [/updateResourceRelaship] onto handler &apos;resourceRelashipController&apos;
12:05:58,609  INFO main annotation.DefaultAnnotationHandlerMapping:411 - Mapped URL path [/updateResourceRelaship.*] onto handler &apos;resourceRelashipController&apos;
12:05:58,610  INFO main annotation.DefaultAnnotationHandlerMapping:411 - Mapped URL path [/updateResourceRelaship/] onto handler &apos;resourceRelashipController&apos;
12:05:58,610  INFO main annotation.DefaultAnnotationHandlerMapping:411 - Mapped URL path [/ajaxAddResourceRelaship] onto handler &apos;resourceRelashipController&apos;
12:05:58,610  INFO main annotation.DefaultAnnotationHandlerMapping:411 - Mapped URL path [/ajaxAddResourceRelaship.*] onto handler &apos;resourceRelashipController&apos;
12:05:58,610  INFO main annotation.DefaultAnnotationHandlerMapping:411 - Mapped URL path [/ajaxAddResourceRelaship/] onto handler &apos;resourceRelashipController&apos;
12:05:58,610  INFO main annotation.DefaultAnnotationHandlerMapping:411 - Mapped URL path [/addResourceRelaship] onto handler &apos;resourceRelashipController&apos;
12:05:58,610  INFO main annotation.DefaultAnnotationHandlerMapping:411 - Mapped URL path [/addResourceRelaship.*] onto handler &apos;resourceRelashipController&apos;
12:05:58,611  INFO main annotation.DefaultAnnotationHandlerMapping:411 - Mapped URL path [/addResourceRelaship/] onto handler &apos;resourceRelashipController&apos;
12:05:58,611  INFO main annotation.DefaultAnnotationHandlerMapping:411 - Mapped URL path [/removeResourceRelaship] onto handler &apos;resourceRelashipController&apos;
12:05:58,611  INFO main annotation.DefaultAnnotationHandlerMapping:411 - Mapped URL path [/removeResourceRelaship.*] onto handler &apos;resourceRelashipController&apos;
12:05:58,611  INFO main annotation.DefaultAnnotationHandlerMapping:411 - Mapped URL path [/removeResourceRelaship/] onto handler &apos;resourceRelashipController&apos;
12:05:58,612  INFO main annotation.DefaultAnnotationHandlerMapping:411 - Mapped URL path [/listAllRole] onto handler &apos;roleController&apos;
12:05:58,612  INFO main annotation.DefaultAnnotationHandlerMapping:411 - Mapped URL path [/listAllRole.*] onto handler &apos;roleController&apos;
12:05:58,612  INFO main annotation.DefaultAnnotationHandlerMapping:411 - Mapped URL path [/listAllRole/] onto handler &apos;roleController&apos;
12:05:58,612  INFO main annotation.DefaultAnnotationHandlerMapping:411 - Mapped URL path [/getRoleById] onto handler &apos;roleController&apos;
12:05:58,613  INFO main annotation.DefaultAnnotationHandlerMapping:411 - Mapped URL path [/getRoleById.*] onto handler &apos;roleController&apos;
12:05:58,613  INFO main annotation.DefaultAnnotationHandlerMapping:411 - Mapped URL path [/getRoleById/] onto handler &apos;roleController&apos;
12:05:58,613  INFO main annotation.DefaultAnnotationHandlerMapping:411 - Mapped URL path [/updateRole] onto handler &apos;roleController&apos;
12:05:58,613  INFO main annotation.DefaultAnnotationHandlerMapping:411 - Mapped URL path [/updateRole.*] onto handler &apos;roleController&apos;
12:05:58,613  INFO main annotation.DefaultAnnotationHandlerMapping:411 - Mapped URL path [/updateRole/] onto handler &apos;roleController&apos;
12:05:58,613  INFO main annotation.DefaultAnnotationHandlerMapping:411 - Mapped URL path [/addRole] onto handler &apos;roleController&apos;
12:05:58,614  INFO main annotation.DefaultAnnotationHandlerMapping:411 - Mapped URL path [/addRole.*] onto handler &apos;roleController&apos;
12:05:58,614  INFO main annotation.DefaultAnnotationHandlerMapping:411 - Mapped URL path [/addRole/] onto handler &apos;roleController&apos;
12:05:58,614  INFO main annotation.DefaultAnnotationHandlerMapping:411 - Mapped URL path [/removeRole] onto handler &apos;roleController&apos;
12:05:58,614  INFO main annotation.DefaultAnnotationHandlerMapping:411 - Mapped URL path [/removeRole.*] onto handler &apos;roleController&apos;
12:05:58,614  INFO main annotation.DefaultAnnotationHandlerMapping:411 - Mapped URL path [/removeRole/] onto handler &apos;roleController&apos;
12:05:58,614  INFO main annotation.DefaultAnnotationHandlerMapping:411 - Mapped URL path [/ajaxAddRole] onto handler &apos;roleController&apos;
12:05:58,615  INFO main annotation.DefaultAnnotationHandlerMapping:411 - Mapped URL path [/ajaxAddRole.*] onto handler &apos;roleController&apos;
12:05:58,615  INFO main annotation.DefaultAnnotationHandlerMapping:411 - Mapped URL path [/ajaxAddRole/] onto handler &apos;roleController&apos;
12:05:58,615  INFO main annotation.DefaultAnnotationHandlerMapping:411 - Mapped URL path [/ajaxGetRoleById] onto handler &apos;roleController&apos;
12:05:58,615  INFO main annotation.DefaultAnnotationHandlerMapping:411 - Mapped URL path [/ajaxGetRoleById.*] onto handler &apos;roleController&apos;
12:05:58,615  INFO main annotation.DefaultAnnotationHandlerMapping:411 - Mapped URL path [/ajaxGetRoleById/] onto handler &apos;roleController&apos;
12:05:58,615  INFO main annotation.DefaultAnnotationHandlerMapping:411 - Mapped URL path [/ajaxUpdateRole] onto handler &apos;roleController&apos;
12:05:58,616  INFO main annotation.DefaultAnnotationHandlerMapping:411 - Mapped URL path [/ajaxUpdateRole.*] onto handler &apos;roleController&apos;
12:05:58,616  INFO main annotation.DefaultAnnotationHandlerMapping:411 - Mapped URL path [/ajaxUpdateRole/] onto handler &apos;roleController&apos;
12:05:58,616  INFO main annotation.DefaultAnnotationHandlerMapping:411 - Mapped URL path [/ajaxRemoveRole] onto handler &apos;roleController&apos;
12:05:58,616  INFO main annotation.DefaultAnnotationHandlerMapping:411 - Mapped URL path [/ajaxRemoveRole.*] onto handler &apos;roleController&apos;
12:05:58,616  INFO main annotation.DefaultAnnotationHandlerMapping:411 - Mapped URL path [/ajaxRemoveRole/] onto handler &apos;roleController&apos;
12:05:58,617  INFO main annotation.DefaultAnnotationHandlerMapping:411 - Mapped URL path [/listAllUsers] onto handler &apos;usersController&apos;
12:05:58,617  INFO main annotation.DefaultAnnotationHandlerMapping:411 - Mapped URL path [/listAllUsers.*] onto handler &apos;usersController&apos;
12:05:58,617  INFO main annotation.DefaultAnnotationHandlerMapping:411 - Mapped URL path [/listAllUsers/] onto handler &apos;usersController&apos;
12:05:58,618  INFO main annotation.DefaultAnnotationHandlerMapping:411 - Mapped URL path [/removeUsers] onto handler &apos;usersController&apos;
12:05:58,618  INFO main annotation.DefaultAnnotationHandlerMapping:411 - Mapped URL path [/removeUsers.*] onto handler &apos;usersController&apos;
12:05:58,618  INFO main annotation.DefaultAnnotationHandlerMapping:411 - Mapped URL path [/removeUsers/] onto handler &apos;usersController&apos;
12:05:58,618  INFO main annotation.DefaultAnnotationHandlerMapping:411 - Mapped URL path [/ajaxAddUsers] onto handler &apos;usersController&apos;
12:05:58,618  INFO main annotation.DefaultAnnotationHandlerMapping:411 - Mapped URL path [/ajaxAddUsers.*] onto handler &apos;usersController&apos;
12:05:58,618  INFO main annotation.DefaultAnnotationHandlerMapping:411 - Mapped URL path [/ajaxAddUsers/] onto handler &apos;usersController&apos;
12:05:58,618  INFO main annotation.DefaultAnnotationHandlerMapping:411 - Mapped URL path [/addUsers] onto handler &apos;usersController&apos;
12:05:58,619  INFO main annotation.DefaultAnnotationHandlerMapping:411 - Mapped URL path [/addUsers.*] onto handler &apos;usersController&apos;
12:05:58,619  INFO main annotation.DefaultAnnotationHandlerMapping:411 - Mapped URL path [/addUsers/] onto handler &apos;usersController&apos;
12:05:58,619  INFO main annotation.DefaultAnnotationHandlerMapping:411 - Mapped URL path [/getUsersById] onto handler &apos;usersController&apos;
12:05:58,619  INFO main annotation.DefaultAnnotationHandlerMapping:411 - Mapped URL path [/getUsersById.*] onto handler &apos;usersController&apos;
12:05:58,620  INFO main annotation.DefaultAnnotationHandlerMapping:411 - Mapped URL path [/getUsersById/] onto handler &apos;usersController&apos;
12:05:58,620  INFO main annotation.DefaultAnnotationHandlerMapping:411 - Mapped URL path [/updateUsers] onto handler &apos;usersController&apos;
12:05:58,620  INFO main annotation.DefaultAnnotationHandlerMapping:411 - Mapped URL path [/updateUsers.*] onto handler &apos;usersController&apos;
12:05:58,620  INFO main annotation.DefaultAnnotationHandlerMapping:411 - Mapped URL path [/updateUsers/] onto handler &apos;usersController&apos;
12:05:58,621  INFO main annotation.DefaultAnnotationHandlerMapping:411 - Mapped URL path [/ajaxRemoveUsers] onto handler &apos;usersController&apos;
12:05:58,621  INFO main annotation.DefaultAnnotationHandlerMapping:411 - Mapped URL path [/ajaxRemoveUsers.*] onto handler &apos;usersController&apos;
12:05:58,621  INFO main annotation.DefaultAnnotationHandlerMapping:411 - Mapped URL path [/ajaxRemoveUsers/] onto handler &apos;usersController&apos;
12:05:58,621  INFO main annotation.DefaultAnnotationHandlerMapping:411 - Mapped URL path [/ajaxUpdateUsers] onto handler &apos;usersController&apos;
12:05:58,621  INFO main annotation.DefaultAnnotationHandlerMapping:411 - Mapped URL path [/ajaxUpdateUsers.*] onto handler &apos;usersController&apos;
12:05:58,622  INFO main annotation.DefaultAnnotationHandlerMapping:411 - Mapped URL path [/ajaxUpdateUsers/] onto handler &apos;usersController&apos;
12:05:58,622  INFO main annotation.DefaultAnnotationHandlerMapping:411 - Mapped URL path [/ajaxGetUsersById] onto handler &apos;usersController&apos;
12:05:58,622  INFO main annotation.DefaultAnnotationHandlerMapping:411 - Mapped URL path [/ajaxGetUsersById.*] onto handler &apos;usersController&apos;
12:05:58,622  INFO main annotation.DefaultAnnotationHandlerMapping:411 - Mapped URL path [/ajaxGetUsersById/] onto handler &apos;usersController&apos;
</system-out>
  </testcase>
</testsuite>